ncverilog(64): 15.20-s084: (c) Copyright 1995-2020 Cadence Design Systems, Inc.
TOOL:	ncverilog	15.20-s084: Started on May 10, 2022 at 08:25:45 CST
ncverilog
	-f filelist.f
		../rtl/testfixture.sv
		../rtl/core.sv
		../rtl/u_ifu.sv
		../rtl/u_dec.sv
		../rtl/u_rf.sv
		../rtl/u_hz.sv
		../rtl/u_exe.sv
		../rtl/u_br_adr.sv
		../rtl/u_lsu.sv
		../rtl/u_alu.sv
	+nc64bit
	+access+r
Recompiling... reason: file '../rtl/testfixture.sv' is newer than expected.
	expected: Tue May 10 08:21:09 2022
	actual:   Tue May 10 08:25:42 2022
file: ../rtl/testfixture.sv
	module worklib.testfixture:sv
		errors: 0, warnings: 0
		Caching library 'worklib' ....... Done
	Elaborating the design hierarchy:
ncelab: *W,DSEMEL: This SystemVerilog design will be simulated as per IEEE 1800-2009 SystemVerilog simulation semantics. Use -disable_sem2009 option for turning off SV 2009 simulation semantics.
	Building instance overlay tables: .................... Done
	Generating native compiled code:
		worklib.testfixture:sv <0x0922d6e9>
			streams:  54, words: 126271
		worklib.u_exe:sv <0x0d7ad50e>
			streams:  41, words: 28076
	Building instance specific data structures.
	Loading native compiled code:     .................... Done
	Design hierarchy summary:
		                  Instances  Unique
		Modules:                 10      10
		Registers:              243     243
		Scalar wires:            86       -
		Vectored wires:          86       -
		Always blocks:           30      30
		Initial blocks:          10      10
		Parallel blocks:          3       3
		Cont. assignments:        1       1
		Pseudo assignments:     110     110
		Simulation timescale:  10ps
	Writing initial simulation snapshot: worklib.testfixture:sv
Loading snapshot worklib.testfixture:sv .................... Done
ncsim: *W,DSEM2009: This SystemVerilog design is simulated as per IEEE 1800-2009 SystemVerilog simulation semantics. Use -disable_sem2009 option for turning off SV 2009 simulation semantics.
*Verdi* Loading libsscore_ius152.so
ncsim> source /usr/cad/cadence/INCISIV/cur/tools/inca/files/ncsimrc
ncsim> run
cyc 15183,pc 00000bb4,ins fdc42703,ifu_vld 0,[LUI0 AUIPC0 JAL0 JALR0 B0 LD0 ST0 ALUi0 i_ALU0 F0 E0 CSR0 FnoD0 vld10]
cyc 15184,pc 00000bb8,ins fec42703,ifu_vld 0,[LUI0 AUIPC0 JAL0 JALR0 B0 LD0 ST0 ALUi0 i_ALU0 F0 E0 CSR0 FnoD0 vld00]
cyc 15185,pc 00000bbc,ins fd442783,ifu_vld 1,[LUI0 AUIPC0 JAL0 JALR0 B0 LD0 ST0 ALUi0 i_ALU0 F0 E0 CSR0 FnoD0 vld00]
cyc 15186,pc 00000bc0,ins faf748e3,ifu_vld 1,[LUI0 AUIPC0 JAL0 JALR0 B0 LD1 ST0 ALUi0 i_ALU0 F0 E0 CSR0 FnoD0 vld01]
cyc 15187,pc 00000bc4,ins cafed7b7,ifu_vld 1,[LUI0 AUIPC0 JAL0 JALR0 B0 LD1 ST0 ALUi0 i_ALU0 F0 E0 CSR0 FnoD0 vld11]
cyc 15188,pc 00000bc8,ins afe78793,ifu_vld 1,[LUI0 AUIPC0 JAL0 JALR0 B1 LD0 ST0 ALUi0 i_ALU0 F0 E0 CSR0 FnoD1 vld11]
cyc 15189,pc 00000bc8,ins 00078513,ifu_vld 1,[LUI0 AUIPC0 JAL0 JALR0 B1 LD0 ST0 ALUi0 i_ALU0 F0 E0 CSR0 FnoD1 vld01]
cyc 15190,pc 00000bc8,ins 00078513,ifu_vld 1,[LUI0 AUIPC0 JAL0 JALR0 B1 LD0 ST0 ALUi0 i_ALU0 F0 E0 CSR0 FnoD0 vld01]
cyc 15191,pc 00000b6c,ins 00078513,ifu_vld 0,[LUI0 AUIPC0 JAL0 JALR0 B0 LD0 ST0 ALUi0 i_ALU0 F0 E0 CSR0 FnoD0 vld10]
cyc 15192,pc 00000b70,ins fec42783,ifu_vld 0,[LUI0 AUIPC0 JAL0 JALR0 B0 LD0 ST0 ALUi0 i_ALU0 F0 E0 CSR0 FnoD0 vld00]
cyc 15193,pc 00000b74,ins 00279793,ifu_vld 1,[LUI0 AUIPC0 JAL0 JALR0 B0 LD0 ST0 ALUi0 i_ALU0 F0 E0 CSR0 FnoD0 vld00]
cyc 15194,pc 00000b78,ins fdc42703,ifu_vld 1,[LUI0 AUIPC0 JAL0 JALR0 B0 LD1 ST0 ALUi0 i_ALU0 F0 E0 CSR0 FnoD0 vld01]
cyc 15195,pc 00000b7c,ins 00f707b3,ifu_vld 1,[LUI0 AUIPC0 JAL0 JALR0 B0 LD0 ST0 ALUi1 i_ALU0 F0 E0 CSR0 FnoD1 vld11]
cyc 15196,pc 00000b7c,ins 0007a703,ifu_vld 1,[LUI0 AUIPC0 JAL0 JALR0 B0 LD0 ST0 ALUi1 i_ALU0 F0 E0 CSR0 FnoD1 vld01]
cyc 15197,pc 00000b7c,ins 0007a703,ifu_vld 1,[LUI0 AUIPC0 JAL0 JALR0 B0 LD0 ST0 ALUi1 i_ALU0 F0 E0 CSR0 FnoD0 vld01]
cyc 15198,pc 00000b80,ins 0007a703,ifu_vld 1,[LUI0 AUIPC0 JAL0 JALR0 B0 LD1 ST0 ALUi0 i_ALU0 F0 E0 CSR0 FnoD0 vld11]
cyc 15199,pc 00000b84,ins fec42783,ifu_vld 1,[LUI0 AUIPC0 JAL0 JALR0 B0 LD0 ST0 ALUi0 i_ALU1 F0 E0 CSR0 FnoD1 vld11]
cyc 15200,pc 00000b84,ins 00279793,ifu_vld 1,[LUI0 AUIPC0 JAL0 JALR0 B0 LD0 ST0 ALUi0 i_ALU1 F0 E0 CSR0 FnoD1 vld01]
cyc 15201,pc 00000b84,ins 00279793,ifu_vld 1,[LUI0 AUIPC0 JAL0 JALR0 B0 LD0 ST0 ALUi0 i_ALU1 F0 E0 CSR0 FnoD0 vld01]
cyc 15202,pc 00000b88,ins 00279793,ifu_vld 1,[LUI0 AUIPC0 JAL0 JALR0 B0 LD1 ST0 ALUi0 i_ALU0 F0 E0 CSR0 FnoD0 vld11]
dump_sram break
Simulation complete via $finish(1) at time 152476 NS + 0
../rtl/testfixture.sv:136   $finish; 
ncsim> exit
TOOL:	ncverilog	15.20-s084: Exiting on May 10, 2022 at 08:25:46 CST  (total: 00:00:01)
