
main:     file format elf32-littleriscv
main
architecture: riscv:rv32, flags 0x00000112:
EXEC_P, HAS_SYMS, D_PAGED
start address 0x00000000

Program Header:
0x70000003 off    0x00001008 vaddr 0x00000000 paddr 0x00000000 align 2**0
         filesz 0x0000001a memsz 0x00000000 flags r--
    LOAD off    0x00001000 vaddr 0x00000000 paddr 0x00000000 align 2**12
         filesz 0x00000008 memsz 0x00000008 flags r-x

Sections:
Idx Name          Size      VMA       LMA       File off  Algn
  0 .text         00000008  00000000  00000000  00001000  2**2
                  CONTENTS, ALLOC, LOAD, READONLY, CODE
  1 .riscv.attributes 0000001a  00000000  00000000  00001008  2**0
                  CONTENTS, READONLY
SYMBOL TABLE:
00000000 l    d  .text	00000000 .text
00000000 l    d  .riscv.attributes	00000000 .riscv.attributes
00000000 l    df *ABS*	00000000 jump.o


Contents of section .text:
 0000 b7020008 e7820200                    ........        
Contents of section .riscv.attributes:
 0000 41190000 00726973 63760001 0f000000  A....riscv......
 0010 05727633 32693270 3100               .rv32i2p1.      

Disassembly of section .text:

00000000 <.text>:
   0:	080002b7          	lui	t0,0x8000
   4:	000282e7          	jalr	t0,t0 # 8000000 <.text+0x8000000>
